<?xml version="1.0" encoding="UTF-8"?>
<!-- Generated by org.testng.reporters.JUnitReportReporter -->
<testsuite hostname="arolls-mbp.local" name="mycompany.tests.W3Test" tests="1" failures="0" timestamp="19 Oct 2015 16:15:48 GMT" time="6.328" errors="0">
  <testcase name="W3Test" time="6.328" classname="mycompany.tests.W3Test"/>
</testsuite> <!-- mycompany.tests.W3Test -->
